<?xml version="1.0" encoding="UTF-8"?>
<testsuite xmlns:xsi="http://www.w3.org/2001/XMLSchema-instance" xsi:noNamespaceSchemaLocation="https://maven.apache.org/surefire/maven-surefire-plugin/xsd/surefire-test-report-3.0.xsd" version="3.0" name="co.edu.poli.examen2_torres.unitaria.TestSeguro" time="0.089" tests="5" errors="0" skipped="0" failures="0">
  <properties>
[...]
</properties>
  <testcase name="toString_contieneDatos" classname="co.edu.poli.examen2_torres.unitaria.TestSeguro" time="0.043"/>
  <testcase name="cancelar_cambiaEstadoAFalso" classname="co.edu.poli.examen2_torres.unitaria.TestSeguro" time="0.006"/>
  <testcase name="setters_modificanValores" classname="co.edu.poli.examen2_torres.unitaria.TestSeguro" time="0.006"/>
  <testcase name="getters_retornaValoresCorrectos" classname="co.edu.poli.examen2_torres.unitaria.TestSeguro" time="0.001"/>
  <testcase name="activar_cambiaEstadoAVerdadero" classname="co.edu.poli.examen2_torres.unitaria.TestSeguro" time="0.001"/>
</testsuite>